
SQL*Loader: Release 11.2.0.2.0 - Production on Œr Maj 13 22:54:48 2020

Copyright (c) 1982, 2009, Oracle and/or its affiliates.  All rights reserved.

Control File:   Data_sprzedazy.txt
Data File:      Data_sprzedazy.csv
  Bad File:     Data_sprzedazy.bad
  Discard File:  none specified
 
 (Allow all discards)

Number to load: ALL
Number to skip: 1
Errors allowed: 50
Bind array:     64 rows, maximum of 256000 bytes
Continuation:    none specified
Path used:      Conventional

Table HURTOWNIA_DATA_SPRZEDAZY, loaded from every logical record.
Insert option in effect for this table: APPEND

   Column Name                  Position   Len  Term Encl Datatype
------------------------------ ---------- ----- ---- ---- ---------------------
ID                                  FIRST     *   ,  O(") CHARACTER            
                                                      O(")
DATA                                 NEXT     *   ,  O(") CHARACTER            
                                                      O(")

Record 386: Rejected - Error on table HURTOWNIA_DATA_SPRZEDAZY, column ID.
Column not found before end of logical record (use TRAILING NULLCOLS)
Record 387: Rejected - Error on table HURTOWNIA_DATA_SPRZEDAZY, column DATA.
Column not found before end of logical record (use TRAILING NULLCOLS)
Record 388: Rejected - Error on table HURTOWNIA_DATA_SPRZEDAZY, column ID.
Column not found before end of logical record (use TRAILING NULLCOLS)

Table HURTOWNIA_DATA_SPRZEDAZY:
  385 Rows successfully loaded.
  3 Rows not loaded due to data errors.
  0 Rows not loaded because all WHEN clauses were failed.
  0 Rows not loaded because all fields were null.


Space allocated for bind array:                  33024 bytes(64 rows)
Read   buffer bytes: 1048576

Total logical records skipped:          1
Total logical records read:           388
Total logical records rejected:         3
Total logical records discarded:        0

Run began on Œr Maj 13 22:54:48 2020
Run ended on Œr Maj 13 22:54:49 2020

Elapsed time was:     00:00:00.10
CPU time was:         00:00:00.01
